<?xml version="1.0" encoding="UTF-8"?>
<!-- Generated by org.testng.reporters.JUnitXMLReporter -->
<testsuite ignored="0" hostname="DESKTOP-ROIRK3H" failures="0" tests="3" name="Default test" time="175.968" errors="0" timestamp="2024-06-14T12:01:45 IST">
  <testcase classname="com.comcast.crm.organizationTest.CreateOrganizationTest" name="CreateOrganizationWithIndustryTest" time="38.581"/>
  <testcase classname="com.comcast.crm.organizationTest.CreateOrganizationTest" name="CreateOrganizationWithPhoneTest" time="35.643"/>
  <testcase classname="com.comcast.crm.organizationTest.CreateOrganizationTest" name="createOrgTest" time="35.86"/>
</testsuite> <!-- Default test -->
