<?xml version="1.0" encoding="UTF-8"?>
<testng-results ignored="2" total="8" passed="6" failed="0" skipped="0">
  <reporter-output>
  </reporter-output>
  <suite started-at="2024-06-14T12:16:05 IST" name="Suite" finished-at="2024-06-14T12:22:21 IST" duration-ms="375664">
    <groups>
      <group name="Smoke Testing">
        <method signature="CreateContactTest.createContactTest()[pri:0, instance:com.comcast.crm.contacttest.CreateContactTest@7c37508a]" name="createContactTest" class="com.comcast.crm.contacttest.CreateContactTest"/>
        <method signature="CreateOrganizationTest.createOrgTest()[pri:0, instance:com.comcast.crm.organizationTest.CreateOrganizationTest@359df09a]" name="createOrgTest" class="com.comcast.crm.organizationTest.CreateOrganizationTest"/>
      </group> <!-- Smoke Testing -->
      <group name="Regression Testing">
        <method signature="CreateContactTest.createContactWithOrgTest()[pri:0, instance:com.comcast.crm.contacttest.CreateContactTest@7c37508a]" name="createContactWithOrgTest" class="com.comcast.crm.contacttest.CreateContactTest"/>
        <method signature="CreateContactTest.createContactWithSupportDateTest()[pri:0, instance:com.comcast.crm.contacttest.CreateContactTest@7c37508a]" name="createContactWithSupportDateTest" class="com.comcast.crm.contacttest.CreateContactTest"/>
        <method signature="CreateOrganizationTest.CreateOrganizationWithIndustryTest()[pri:0, instance:com.comcast.crm.organizationTest.CreateOrganizationTest@359df09a]" name="CreateOrganizationWithIndustryTest" class="com.comcast.crm.organizationTest.CreateOrganizationTest"/>
        <method signature="CreateOrganizationTest.CreateOrganizationWithPhoneTest()[pri:0, instance:com.comcast.crm.organizationTest.CreateOrganizationTest@359df09a]" name="CreateOrganizationWithPhoneTest" class="com.comcast.crm.organizationTest.CreateOrganizationTest"/>
      </group> <!-- Regression Testing -->
    </groups>
    <test started-at="2024-06-14T12:16:05 IST" name="Test" finished-at="2024-06-14T12:22:21 IST" duration-ms="375664">
      <class name="com.comcast.crm.organizationTest.CreateOrganizationTest">
        <test-method is-config="true" signature="configBC()[pri:0, instance:com.comcast.crm.organizationTest.CreateOrganizationTest@359df09a]" started-at="2024-06-14T12:19:36 IST" name="configBC" finished-at="2024-06-14T12:19:41 IST" duration-ms="5103" status="PASS">
          <reporter-output>
          </reporter-output>
        </test-method> <!-- configBC -->
        <test-method is-config="true" signature="configBM()[pri:0, instance:com.comcast.crm.organizationTest.CreateOrganizationTest@359df09a]" started-at="2024-06-14T12:19:41 IST" name="configBM" finished-at="2024-06-14T12:19:56 IST" duration-ms="15233" status="PASS">
          <reporter-output>
          </reporter-output>
        </test-method> <!-- configBM -->
        <test-method signature="CreateOrganizationWithIndustryTest()[pri:0, instance:com.comcast.crm.organizationTest.CreateOrganizationTest@359df09a]" started-at="2024-06-14T12:19:56 IST" name="CreateOrganizationWithIndustryTest" finished-at="2024-06-14T12:20:38 IST" duration-ms="41552" status="PASS">
          <reporter-output>
          </reporter-output>
        </test-method> <!-- CreateOrganizationWithIndustryTest -->
        <test-method is-config="true" signature="configAM()[pri:0, instance:com.comcast.crm.organizationTest.CreateOrganizationTest@359df09a]" started-at="2024-06-14T12:20:38 IST" name="configAM" finished-at="2024-06-14T12:20:41 IST" duration-ms="3945" status="PASS">
          <reporter-output>
          </reporter-output>
        </test-method> <!-- configAM -->
        <test-method is-config="true" signature="configBM()[pri:0, instance:com.comcast.crm.organizationTest.CreateOrganizationTest@359df09a]" started-at="2024-06-14T12:20:41 IST" name="configBM" finished-at="2024-06-14T12:20:51 IST" duration-ms="9579" status="PASS">
          <reporter-output>
          </reporter-output>
        </test-method> <!-- configBM -->
        <test-method signature="CreateOrganizationWithPhoneTest()[pri:0, instance:com.comcast.crm.organizationTest.CreateOrganizationTest@359df09a]" started-at="2024-06-14T12:20:51 IST" name="CreateOrganizationWithPhoneTest" finished-at="2024-06-14T12:21:26 IST" duration-ms="35216" status="PASS">
          <reporter-output>
          </reporter-output>
        </test-method> <!-- CreateOrganizationWithPhoneTest -->
        <test-method is-config="true" signature="configAM()[pri:0, instance:com.comcast.crm.organizationTest.CreateOrganizationTest@359df09a]" started-at="2024-06-14T12:21:26 IST" name="configAM" finished-at="2024-06-14T12:21:31 IST" duration-ms="4305" status="PASS">
          <reporter-output>
          </reporter-output>
        </test-method> <!-- configAM -->
        <test-method is-config="true" signature="configBM()[pri:0, instance:com.comcast.crm.organizationTest.CreateOrganizationTest@359df09a]" started-at="2024-06-14T12:21:31 IST" name="configBM" finished-at="2024-06-14T12:21:40 IST" duration-ms="9409" status="PASS">
          <reporter-output>
          </reporter-output>
        </test-method> <!-- configBM -->
        <test-method signature="createOrgTest()[pri:0, instance:com.comcast.crm.organizationTest.CreateOrganizationTest@359df09a]" started-at="2024-06-14T12:21:40 IST" name="createOrgTest" finished-at="2024-06-14T12:22:16 IST" duration-ms="35750" status="PASS">
          <reporter-output>
          </reporter-output>
        </test-method> <!-- createOrgTest -->
        <test-method is-config="true" signature="configAM()[pri:0, instance:com.comcast.crm.organizationTest.CreateOrganizationTest@359df09a]" started-at="2024-06-14T12:22:16 IST" name="configAM" finished-at="2024-06-14T12:22:20 IST" duration-ms="4272" status="PASS">
          <reporter-output>
          </reporter-output>
        </test-method> <!-- configAM -->
        <test-method is-config="true" signature="configAC()[pri:0, instance:com.comcast.crm.organizationTest.CreateOrganizationTest@359df09a]" started-at="2024-06-14T12:22:20 IST" name="configAC" finished-at="2024-06-14T12:22:21 IST" duration-ms="968" status="PASS">
          <reporter-output>
          </reporter-output>
        </test-method> <!-- configAC -->
      </class> <!-- com.comcast.crm.organizationTest.CreateOrganizationTest -->
      <class name="com.comcast.crm.contacttest.CreateContactTest">
        <test-method is-config="true" signature="configBS()[pri:0, instance:com.comcast.crm.contacttest.CreateContactTest@7c37508a]" started-at="2024-06-14T12:16:04 IST" name="configBS" finished-at="2024-06-14T12:16:05 IST" duration-ms="1010" status="PASS">
          <reporter-output>
          </reporter-output>
        </test-method> <!-- configBS -->
        <test-method is-config="true" signature="configBC()[pri:0, instance:com.comcast.crm.contacttest.CreateContactTest@7c37508a]" started-at="2024-06-14T12:16:05 IST" name="configBC" finished-at="2024-06-14T12:16:16 IST" duration-ms="10140" status="PASS">
          <reporter-output>
          </reporter-output>
        </test-method> <!-- configBC -->
        <test-method is-config="true" signature="configBM()[pri:0, instance:com.comcast.crm.contacttest.CreateContactTest@7c37508a]" started-at="2024-06-14T12:16:16 IST" name="configBM" finished-at="2024-06-14T12:16:31 IST" duration-ms="14886" status="PASS">
          <reporter-output>
          </reporter-output>
        </test-method> <!-- configBM -->
        <test-method signature="createContactTest()[pri:0, instance:com.comcast.crm.contacttest.CreateContactTest@7c37508a]" started-at="2024-06-14T12:16:31 IST" name="createContactTest" finished-at="2024-06-14T12:17:15 IST" duration-ms="44087" status="PASS">
          <reporter-output>
          </reporter-output>
        </test-method> <!-- createContactTest -->
        <test-method is-config="true" signature="configAM()[pri:0, instance:com.comcast.crm.contacttest.CreateContactTest@7c37508a]" started-at="2024-06-14T12:17:15 IST" name="configAM" finished-at="2024-06-14T12:17:19 IST" duration-ms="4341" status="PASS">
          <reporter-output>
          </reporter-output>
        </test-method> <!-- configAM -->
        <test-method is-config="true" signature="configBM()[pri:0, instance:com.comcast.crm.contacttest.CreateContactTest@7c37508a]" started-at="2024-06-14T12:17:19 IST" name="configBM" finished-at="2024-06-14T12:17:29 IST" duration-ms="9954" status="PASS">
          <reporter-output>
          </reporter-output>
        </test-method> <!-- configBM -->
        <test-method signature="createContactWithOrgTest()[pri:0, instance:com.comcast.crm.contacttest.CreateContactTest@7c37508a]" started-at="2024-06-14T12:17:29 IST" name="createContactWithOrgTest" finished-at="2024-06-14T12:18:41 IST" duration-ms="72075" status="PASS">
          <reporter-output>
          </reporter-output>
        </test-method> <!-- createContactWithOrgTest -->
        <test-method is-config="true" signature="configAM()[pri:0, instance:com.comcast.crm.contacttest.CreateContactTest@7c37508a]" started-at="2024-06-14T12:18:41 IST" name="configAM" finished-at="2024-06-14T12:18:46 IST" duration-ms="4808" status="PASS">
          <reporter-output>
          </reporter-output>
        </test-method> <!-- configAM -->
        <test-method is-config="true" signature="configBM()[pri:0, instance:com.comcast.crm.contacttest.CreateContactTest@7c37508a]" started-at="2024-06-14T12:18:46 IST" name="configBM" finished-at="2024-06-14T12:18:56 IST" duration-ms="9647" status="PASS">
          <reporter-output>
          </reporter-output>
        </test-method> <!-- configBM -->
        <test-method signature="createContactWithSupportDateTest()[pri:0, instance:com.comcast.crm.contacttest.CreateContactTest@7c37508a]" started-at="2024-06-14T12:18:56 IST" name="createContactWithSupportDateTest" finished-at="2024-06-14T12:19:30 IST" duration-ms="34761" status="PASS">
          <reporter-output>
          </reporter-output>
        </test-method> <!-- createContactWithSupportDateTest -->
        <test-method is-config="true" signature="configAM()[pri:0, instance:com.comcast.crm.contacttest.CreateContactTest@7c37508a]" started-at="2024-06-14T12:19:30 IST" name="configAM" finished-at="2024-06-14T12:19:35 IST" duration-ms="4312" status="PASS">
          <reporter-output>
          </reporter-output>
        </test-method> <!-- configAM -->
        <test-method is-config="true" signature="configAC()[pri:0, instance:com.comcast.crm.contacttest.CreateContactTest@7c37508a]" started-at="2024-06-14T12:19:35 IST" name="configAC" finished-at="2024-06-14T12:19:36 IST" duration-ms="981" status="PASS">
          <reporter-output>
          </reporter-output>
        </test-method> <!-- configAC -->
        <test-method is-config="true" signature="configAs()[pri:0, instance:com.comcast.crm.contacttest.CreateContactTest@7c37508a]" started-at="2024-06-14T12:22:21 IST" name="configAs" finished-at="2024-06-14T12:22:21 IST" duration-ms="3" status="PASS">
          <reporter-output>
          </reporter-output>
        </test-method> <!-- configAs -->
      </class> <!-- com.comcast.crm.contacttest.CreateContactTest -->
    </test> <!-- Test -->
  </suite> <!-- Suite -->
</testng-results>
